{"/home/rafaelguzman/Desktop/Personal-projects/backend-section/src/config/index.js": {"path":"/home/rafaelguzman/Desktop/Personal-projects/backend-section/src/config/index.js","statementMap":{"0":{"start":{"line":1,"column":0},"end":{"line":3,"column":1}},"1":{"start":{"line":2,"column":2},"end":{"line":2,"column":29}},"2":{"start":{"line":5,"column":0},"end":{"line":11,"column":2}}},"fnMap":{},"branchMap":{"0":{"loc":{"start":{"line":1,"column":0},"end":{"line":3,"column":1}},"type":"if","locations":[{"start":{"line":1,"column":0},"end":{"line":3,"column":1}},{"start":{"line":1,"column":0},"end":{"line":3,"column":1}}],"line":1}},"s":{"0":3,"1":3,"2":3},"f":{},"b":{"0":[3,0]},"_coverageSchema":"1a1c01bbd47fc00a2c39e90264f33305004495a9","hash":"979582abca6e8dc0c48e9213cc395cc0394654f9"}
,"/home/rafaelguzman/Desktop/Personal-projects/backend-section/src/helpers/jwt.helper.js": {"path":"/home/rafaelguzman/Desktop/Personal-projects/backend-section/src/helpers/jwt.helper.js","statementMap":{"0":{"start":{"line":1,"column":17},"end":{"line":1,"column":40}},"1":{"start":{"line":2,"column":23},"end":{"line":2,"column":43}},"2":{"start":{"line":4,"column":0},"end":{"line":6,"column":2}},"3":{"start":{"line":5,"column":2},"end":{"line":5,"column":57}}},"fnMap":{"0":{"name":"(anonymous_0)","decl":{"start":{"line":4,"column":31},"end":{"line":4,"column":32}},"loc":{"start":{"line":4,"column":47},"end":{"line":6,"column":1}},"line":4}},"branchMap":{},"s":{"0":3,"1":3,"2":3,"3":0},"f":{"0":0},"b":{},"_coverageSchema":"1a1c01bbd47fc00a2c39e90264f33305004495a9","hash":"3595ba289e75779cd6f0ce57cdd80bdf5e8c9bd8"}
,"/home/rafaelguzman/Desktop/Personal-projects/backend-section/src/models/comment.model.js": {"path":"/home/rafaelguzman/Desktop/Personal-projects/backend-section/src/models/comment.model.js","statementMap":{"0":{"start":{"line":1,"column":17},"end":{"line":1,"column":36}},"1":{"start":{"line":2,"column":19},"end":{"line":2,"column":27}},"2":{"start":{"line":4,"column":22},"end":{"line":18,"column":1}},"3":{"start":{"line":20,"column":0},"end":{"line":20,"column":55}},"4":{"start":{"line":22,"column":0},"end":{"line":22,"column":58}}},"fnMap":{},"branchMap":{},"s":{"0":3,"1":3,"2":3,"3":3,"4":3},"f":{},"b":{},"_coverageSchema":"1a1c01bbd47fc00a2c39e90264f33305004495a9","hash":"c88ac249eb97d8ca1ce5eb256ab1f3987ec15dbb"}
,"/home/rafaelguzman/Desktop/Personal-projects/backend-section/src/models/idea.model.js": {"path":"/home/rafaelguzman/Desktop/Personal-projects/backend-section/src/models/idea.model.js","statementMap":{"0":{"start":{"line":1,"column":17},"end":{"line":1,"column":36}},"1":{"start":{"line":2,"column":19},"end":{"line":2,"column":27}},"2":{"start":{"line":4,"column":19},"end":{"line":18,"column":1}},"3":{"start":{"line":20,"column":0},"end":{"line":20,"column":52}},"4":{"start":{"line":22,"column":0},"end":{"line":22,"column":52}}},"fnMap":{},"branchMap":{},"s":{"0":3,"1":3,"2":3,"3":3,"4":3},"f":{},"b":{},"_coverageSchema":"1a1c01bbd47fc00a2c39e90264f33305004495a9","hash":"28be44d37badbf1a7353711b79347c8fac5ee98b"}
,"/home/rafaelguzman/Desktop/Personal-projects/backend-section/src/models/index.js": {"path":"/home/rafaelguzman/Desktop/Personal-projects/backend-section/src/models/index.js","statementMap":{"0":{"start":{"line":1,"column":0},"end":{"line":5,"column":2}}},"fnMap":{},"branchMap":{},"s":{"0":3},"f":{},"b":{},"_coverageSchema":"1a1c01bbd47fc00a2c39e90264f33305004495a9","hash":"cfa212c614ecbca5c02e4f41395f7024bf976fe4"}
,"/home/rafaelguzman/Desktop/Personal-projects/backend-section/src/models/user.model.js": {"path":"/home/rafaelguzman/Desktop/Personal-projects/backend-section/src/models/user.model.js","statementMap":{"0":{"start":{"line":1,"column":17},"end":{"line":1,"column":36}},"1":{"start":{"line":2,"column":19},"end":{"line":2,"column":27}},"2":{"start":{"line":3,"column":47},"end":{"line":3,"column":66}},"3":{"start":{"line":5,"column":19},"end":{"line":9,"column":2}},"4":{"start":{"line":11,"column":0},"end":{"line":15,"column":2}},"5":{"start":{"line":12,"column":13},"end":{"line":12,"column":28}},"6":{"start":{"line":13,"column":2},"end":{"line":13,"column":23}},"7":{"start":{"line":14,"column":2},"end":{"line":14,"column":14}},"8":{"start":{"line":17,"column":0},"end":{"line":19,"column":2}},"9":{"start":{"line":18,"column":2},"end":{"line":18,"column":46}},"10":{"start":{"line":21,"column":0},"end":{"line":32,"column":3}},"11":{"start":{"line":22,"column":15},"end":{"line":22,"column":19}},"12":{"start":{"line":24,"column":2},"end":{"line":26,"column":3}},"13":{"start":{"line":25,"column":4},"end":{"line":25,"column":18}},"14":{"start":{"line":28,"column":15},"end":{"line":28,"column":30}},"15":{"start":{"line":29,"column":25},"end":{"line":29,"column":54}},"16":{"start":{"line":30,"column":2},"end":{"line":30,"column":33}},"17":{"start":{"line":31,"column":2},"end":{"line":31,"column":9}},"18":{"start":{"line":34,"column":0},"end":{"line":34,"column":52}}},"fnMap":{"0":{"name":"(anonymous_0)","decl":{"start":{"line":11,"column":28},"end":{"line":11,"column":29}},"loc":{"start":{"line":11,"column":40},"end":{"line":15,"column":1}},"line":11},"1":{"name":"(anonymous_1)","decl":{"start":{"line":17,"column":38},"end":{"line":17,"column":39}},"loc":{"start":{"line":17,"column":58},"end":{"line":19,"column":1}},"line":17},"2":{"name":"(anonymous_2)","decl":{"start":{"line":21,"column":23},"end":{"line":21,"column":24}},"loc":{"start":{"line":21,"column":45},"end":{"line":32,"column":1}},"line":21}},"branchMap":{"0":{"loc":{"start":{"line":24,"column":2},"end":{"line":26,"column":3}},"type":"if","locations":[{"start":{"line":24,"column":2},"end":{"line":26,"column":3}},{"start":{"line":24,"column":2},"end":{"line":26,"column":3}}],"line":24}},"s":{"0":3,"1":3,"2":3,"3":3,"4":3,"5":5,"6":5,"7":5,"8":3,"9":0,"10":3,"11":0,"12":0,"13":0,"14":0,"15":0,"16":0,"17":0,"18":3},"f":{"0":5,"1":0,"2":0},"b":{"0":[0,0]},"_coverageSchema":"1a1c01bbd47fc00a2c39e90264f33305004495a9","hash":"a90e15490c8ea3468ed03075be3d6467b1d2c9c7"}
,"/home/rafaelguzman/Desktop/Personal-projects/backend-section/src/repositories/base.repository.js": {"path":"/home/rafaelguzman/Desktop/Personal-projects/backend-section/src/repositories/base.repository.js","statementMap":{"0":{"start":{"line":3,"column":4},"end":{"line":3,"column":23}},"1":{"start":{"line":7,"column":4},"end":{"line":7,"column":41}},"2":{"start":{"line":11,"column":18},"end":{"line":11,"column":42}},"3":{"start":{"line":12,"column":4},"end":{"line":12,"column":63}},"4":{"start":{"line":16,"column":4},"end":{"line":16,"column":43}},"5":{"start":{"line":20,"column":4},"end":{"line":20,"column":73}},"6":{"start":{"line":24,"column":4},"end":{"line":24,"column":43}},"7":{"start":{"line":25,"column":4},"end":{"line":25,"column":16}},"8":{"start":{"line":29,"column":0},"end":{"line":29,"column":32}}},"fnMap":{"0":{"name":"(anonymous_0)","decl":{"start":{"line":2,"column":2},"end":{"line":2,"column":3}},"loc":{"start":{"line":2,"column":21},"end":{"line":4,"column":3}},"line":2},"1":{"name":"(anonymous_1)","decl":{"start":{"line":6,"column":2},"end":{"line":6,"column":3}},"loc":{"start":{"line":6,"column":16},"end":{"line":8,"column":3}},"line":6},"2":{"name":"(anonymous_2)","decl":{"start":{"line":10,"column":2},"end":{"line":10,"column":3}},"loc":{"start":{"line":10,"column":42},"end":{"line":13,"column":3}},"line":10},"3":{"name":"(anonymous_3)","decl":{"start":{"line":15,"column":2},"end":{"line":15,"column":3}},"loc":{"start":{"line":15,"column":23},"end":{"line":17,"column":3}},"line":15},"4":{"name":"(anonymous_4)","decl":{"start":{"line":19,"column":2},"end":{"line":19,"column":3}},"loc":{"start":{"line":19,"column":27},"end":{"line":21,"column":3}},"line":19},"5":{"name":"(anonymous_5)","decl":{"start":{"line":23,"column":2},"end":{"line":23,"column":3}},"loc":{"start":{"line":23,"column":19},"end":{"line":26,"column":3}},"line":23}},"branchMap":{"0":{"loc":{"start":{"line":10,"column":15},"end":{"line":10,"column":27}},"type":"default-arg","locations":[{"start":{"line":10,"column":26},"end":{"line":10,"column":27}}],"line":10},"1":{"loc":{"start":{"line":10,"column":29},"end":{"line":10,"column":40}},"type":"default-arg","locations":[{"start":{"line":10,"column":39},"end":{"line":10,"column":40}}],"line":10}},"s":{"0":14,"1":3,"2":2,"3":2,"4":0,"5":2,"6":3,"7":3,"8":3},"f":{"0":14,"1":3,"2":2,"3":0,"4":2,"5":3},"b":{"0":[2],"1":[2]},"_coverageSchema":"1a1c01bbd47fc00a2c39e90264f33305004495a9","hash":"e42291e80ffbb3b87f84debf873c5af5cf15fdf0"}
,"/home/rafaelguzman/Desktop/Personal-projects/backend-section/src/repositories/comment.repository.js": {"path":"/home/rafaelguzman/Desktop/Personal-projects/backend-section/src/repositories/comment.repository.js","statementMap":{"0":{"start":{"line":1,"column":23},"end":{"line":1,"column":51}},"1":{"start":{"line":2,"column":15},"end":{"line":2,"column":19}},"2":{"start":{"line":6,"column":4},"end":{"line":6,"column":19}},"3":{"start":{"line":7,"column":4},"end":{"line":7,"column":23}},"4":{"start":{"line":11,"column":4},"end":{"line":11,"column":43}},"5":{"start":{"line":15,"column":4},"end":{"line":15,"column":42}},"6":{"start":{"line":19,"column":0},"end":{"line":19,"column":35}}},"fnMap":{"0":{"name":"(anonymous_0)","decl":{"start":{"line":5,"column":2},"end":{"line":5,"column":3}},"loc":{"start":{"line":5,"column":27},"end":{"line":8,"column":3}},"line":5},"1":{"name":"(anonymous_1)","decl":{"start":{"line":10,"column":2},"end":{"line":10,"column":3}},"loc":{"start":{"line":10,"column":32},"end":{"line":12,"column":3}},"line":10},"2":{"name":"(anonymous_2)","decl":{"start":{"line":14,"column":2},"end":{"line":14,"column":3}},"loc":{"start":{"line":14,"column":32},"end":{"line":16,"column":3}},"line":14}},"branchMap":{},"s":{"0":3,"1":3,"2":4,"3":4,"4":1,"5":0,"6":3},"f":{"0":4,"1":1,"2":0},"b":{},"_coverageSchema":"1a1c01bbd47fc00a2c39e90264f33305004495a9","hash":"ee3665e17320b55f9df4f4e5317228554985d903"}
,"/home/rafaelguzman/Desktop/Personal-projects/backend-section/src/repositories/idea.repository.js": {"path":"/home/rafaelguzman/Desktop/Personal-projects/backend-section/src/repositories/idea.repository.js","statementMap":{"0":{"start":{"line":1,"column":23},"end":{"line":1,"column":51}},"1":{"start":{"line":2,"column":12},"end":{"line":2,"column":16}},"2":{"start":{"line":6,"column":4},"end":{"line":6,"column":16}},"3":{"start":{"line":7,"column":4},"end":{"line":7,"column":17}},"4":{"start":{"line":11,"column":4},"end":{"line":11,"column":40}},"5":{"start":{"line":15,"column":0},"end":{"line":15,"column":32}}},"fnMap":{"0":{"name":"(anonymous_0)","decl":{"start":{"line":5,"column":2},"end":{"line":5,"column":3}},"loc":{"start":{"line":5,"column":24},"end":{"line":8,"column":3}},"line":5},"1":{"name":"(anonymous_1)","decl":{"start":{"line":10,"column":2},"end":{"line":10,"column":3}},"loc":{"start":{"line":10,"column":29},"end":{"line":12,"column":3}},"line":10}},"branchMap":{},"s":{"0":3,"1":3,"2":5,"3":5,"4":1,"5":3},"f":{"0":5,"1":1},"b":{},"_coverageSchema":"1a1c01bbd47fc00a2c39e90264f33305004495a9","hash":"0c3f52031de3a7eab8599780d47c8576aac05e22"}
,"/home/rafaelguzman/Desktop/Personal-projects/backend-section/src/repositories/index.js": {"path":"/home/rafaelguzman/Desktop/Personal-projects/backend-section/src/repositories/index.js","statementMap":{"0":{"start":{"line":1,"column":0},"end":{"line":5,"column":2}}},"fnMap":{},"branchMap":{},"s":{"0":3},"f":{},"b":{},"_coverageSchema":"1a1c01bbd47fc00a2c39e90264f33305004495a9","hash":"160ba25bf5c5178e8dd5ca9324771213563a4fc7"}
,"/home/rafaelguzman/Desktop/Personal-projects/backend-section/src/repositories/user.repository.js": {"path":"/home/rafaelguzman/Desktop/Personal-projects/backend-section/src/repositories/user.repository.js","statementMap":{"0":{"start":{"line":1,"column":23},"end":{"line":1,"column":51}},"1":{"start":{"line":2,"column":12},"end":{"line":2,"column":16}},"2":{"start":{"line":6,"column":4},"end":{"line":6,"column":16}},"3":{"start":{"line":7,"column":4},"end":{"line":7,"column":17}},"4":{"start":{"line":11,"column":4},"end":{"line":11,"column":45}},"5":{"start":{"line":15,"column":4},"end":{"line":15,"column":27}},"6":{"start":{"line":16,"column":4},"end":{"line":16,"column":73}},"7":{"start":{"line":20,"column":0},"end":{"line":20,"column":32}}},"fnMap":{"0":{"name":"(anonymous_0)","decl":{"start":{"line":5,"column":2},"end":{"line":5,"column":3}},"loc":{"start":{"line":5,"column":24},"end":{"line":8,"column":3}},"line":5},"1":{"name":"(anonymous_1)","decl":{"start":{"line":10,"column":2},"end":{"line":10,"column":3}},"loc":{"start":{"line":10,"column":36},"end":{"line":12,"column":3}},"line":10},"2":{"name":"(anonymous_2)","decl":{"start":{"line":14,"column":2},"end":{"line":14,"column":3}},"loc":{"start":{"line":14,"column":27},"end":{"line":17,"column":3}},"line":14}},"branchMap":{},"s":{"0":3,"1":3,"2":5,"3":5,"4":1,"5":1,"6":1,"7":3},"f":{"0":5,"1":1,"2":1},"b":{},"_coverageSchema":"1a1c01bbd47fc00a2c39e90264f33305004495a9","hash":"dceee29bfe112b14444a071f9459dcf5906c7105"}
,"/home/rafaelguzman/Desktop/Personal-projects/backend-section/src/services/auth.service.js": {"path":"/home/rafaelguzman/Desktop/Personal-projects/backend-section/src/services/auth.service.js","statementMap":{"0":{"start":{"line":1,"column":26},"end":{"line":1,"column":58}},"1":{"start":{"line":2,"column":19},"end":{"line":2,"column":23}},"2":{"start":{"line":6,"column":4},"end":{"line":6,"column":31}},"3":{"start":{"line":10,"column":25},"end":{"line":10,"column":29}},"4":{"start":{"line":11,"column":22},"end":{"line":11,"column":68}},"5":{"start":{"line":12,"column":4},"end":{"line":17,"column":5}},"6":{"start":{"line":13,"column":20},"end":{"line":13,"column":31}},"7":{"start":{"line":14,"column":6},"end":{"line":14,"column":25}},"8":{"start":{"line":15,"column":6},"end":{"line":15,"column":44}},"9":{"start":{"line":16,"column":6},"end":{"line":16,"column":18}},"10":{"start":{"line":18,"column":4},"end":{"line":18,"column":43}},"11":{"start":{"line":22,"column":35},"end":{"line":22,"column":39}},"12":{"start":{"line":23,"column":22},"end":{"line":23,"column":68}},"13":{"start":{"line":24,"column":4},"end":{"line":29,"column":5}},"14":{"start":{"line":25,"column":20},"end":{"line":25,"column":31}},"15":{"start":{"line":26,"column":6},"end":{"line":26,"column":25}},"16":{"start":{"line":27,"column":6},"end":{"line":27,"column":45}},"17":{"start":{"line":28,"column":6},"end":{"line":28,"column":18}},"18":{"start":{"line":31,"column":26},"end":{"line":31,"column":62}},"19":{"start":{"line":32,"column":4},"end":{"line":37,"column":5}},"20":{"start":{"line":33,"column":20},"end":{"line":33,"column":31}},"21":{"start":{"line":34,"column":6},"end":{"line":34,"column":25}},"22":{"start":{"line":35,"column":6},"end":{"line":35,"column":41}},"23":{"start":{"line":36,"column":6},"end":{"line":36,"column":18}},"24":{"start":{"line":39,"column":25},"end":{"line":42,"column":5}},"25":{"start":{"line":44,"column":18},"end":{"line":44,"column":45}},"26":{"start":{"line":45,"column":4},"end":{"line":45,"column":38}},"27":{"start":{"line":49,"column":0},"end":{"line":49,"column":29}}},"fnMap":{"0":{"name":"(anonymous_0)","decl":{"start":{"line":5,"column":2},"end":{"line":5,"column":3}},"loc":{"start":{"line":5,"column":31},"end":{"line":7,"column":3}},"line":5},"1":{"name":"(anonymous_1)","decl":{"start":{"line":9,"column":2},"end":{"line":9,"column":3}},"loc":{"start":{"line":9,"column":21},"end":{"line":19,"column":3}},"line":9},"2":{"name":"(anonymous_2)","decl":{"start":{"line":21,"column":2},"end":{"line":21,"column":3}},"loc":{"start":{"line":21,"column":21},"end":{"line":46,"column":3}},"line":21}},"branchMap":{"0":{"loc":{"start":{"line":12,"column":4},"end":{"line":17,"column":5}},"type":"if","locations":[{"start":{"line":12,"column":4},"end":{"line":17,"column":5}},{"start":{"line":12,"column":4},"end":{"line":17,"column":5}}],"line":12},"1":{"loc":{"start":{"line":24,"column":4},"end":{"line":29,"column":5}},"type":"if","locations":[{"start":{"line":24,"column":4},"end":{"line":29,"column":5}},{"start":{"line":24,"column":4},"end":{"line":29,"column":5}}],"line":24},"2":{"loc":{"start":{"line":32,"column":4},"end":{"line":37,"column":5}},"type":"if","locations":[{"start":{"line":32,"column":4},"end":{"line":37,"column":5}},{"start":{"line":32,"column":4},"end":{"line":37,"column":5}}],"line":32}},"s":{"0":3,"1":3,"2":0,"3":0,"4":0,"5":0,"6":0,"7":0,"8":0,"9":0,"10":0,"11":0,"12":0,"13":0,"14":0,"15":0,"16":0,"17":0,"18":0,"19":0,"20":0,"21":0,"22":0,"23":0,"24":0,"25":0,"26":0,"27":3},"f":{"0":0,"1":0,"2":0},"b":{"0":[0,0],"1":[0,0],"2":[0,0]},"_coverageSchema":"1a1c01bbd47fc00a2c39e90264f33305004495a9","hash":"ac85904d0e0f723e4013b7db2edef5746ade870a"}
,"/home/rafaelguzman/Desktop/Personal-projects/backend-section/src/services/base.service.js": {"path":"/home/rafaelguzman/Desktop/Personal-projects/backend-section/src/services/base.service.js","statementMap":{"0":{"start":{"line":3,"column":4},"end":{"line":3,"column":33}},"1":{"start":{"line":7,"column":4},"end":{"line":12,"column":5}},"2":{"start":{"line":8,"column":20},"end":{"line":8,"column":31}},"3":{"start":{"line":9,"column":6},"end":{"line":9,"column":25}},"4":{"start":{"line":10,"column":6},"end":{"line":10,"column":40}},"5":{"start":{"line":11,"column":6},"end":{"line":11,"column":18}},"6":{"start":{"line":14,"column":26},"end":{"line":14,"column":55}},"7":{"start":{"line":16,"column":4},"end":{"line":21,"column":5}},"8":{"start":{"line":17,"column":20},"end":{"line":17,"column":31}},"9":{"start":{"line":18,"column":6},"end":{"line":18,"column":25}},"10":{"start":{"line":19,"column":6},"end":{"line":19,"column":46}},"11":{"start":{"line":20,"column":6},"end":{"line":20,"column":18}},"12":{"start":{"line":23,"column":4},"end":{"line":23,"column":25}},"13":{"start":{"line":27,"column":4},"end":{"line":27,"column":59}},"14":{"start":{"line":31,"column":4},"end":{"line":31,"column":48}},"15":{"start":{"line":35,"column":4},"end":{"line":40,"column":5}},"16":{"start":{"line":36,"column":20},"end":{"line":36,"column":31}},"17":{"start":{"line":37,"column":6},"end":{"line":37,"column":25}},"18":{"start":{"line":38,"column":6},"end":{"line":38,"column":40}},"19":{"start":{"line":39,"column":6},"end":{"line":39,"column":18}},"20":{"start":{"line":42,"column":4},"end":{"line":42,"column":52}},"21":{"start":{"line":46,"column":4},"end":{"line":51,"column":5}},"22":{"start":{"line":47,"column":20},"end":{"line":47,"column":31}},"23":{"start":{"line":48,"column":6},"end":{"line":48,"column":25}},"24":{"start":{"line":49,"column":6},"end":{"line":49,"column":40}},"25":{"start":{"line":50,"column":6},"end":{"line":50,"column":18}},"26":{"start":{"line":53,"column":4},"end":{"line":53,"column":44}},"27":{"start":{"line":57,"column":0},"end":{"line":57,"column":29}}},"fnMap":{"0":{"name":"(anonymous_0)","decl":{"start":{"line":2,"column":2},"end":{"line":2,"column":3}},"loc":{"start":{"line":2,"column":26},"end":{"line":4,"column":3}},"line":2},"1":{"name":"(anonymous_1)","decl":{"start":{"line":6,"column":2},"end":{"line":6,"column":3}},"loc":{"start":{"line":6,"column":16},"end":{"line":24,"column":3}},"line":6},"2":{"name":"(anonymous_2)","decl":{"start":{"line":26,"column":2},"end":{"line":26,"column":3}},"loc":{"start":{"line":26,"column":34},"end":{"line":28,"column":3}},"line":26},"3":{"name":"(anonymous_3)","decl":{"start":{"line":30,"column":2},"end":{"line":30,"column":3}},"loc":{"start":{"line":30,"column":23},"end":{"line":32,"column":3}},"line":30},"4":{"name":"(anonymous_4)","decl":{"start":{"line":34,"column":2},"end":{"line":34,"column":3}},"loc":{"start":{"line":34,"column":27},"end":{"line":43,"column":3}},"line":34},"5":{"name":"(anonymous_5)","decl":{"start":{"line":45,"column":2},"end":{"line":45,"column":3}},"loc":{"start":{"line":45,"column":19},"end":{"line":54,"column":3}},"line":45}},"branchMap":{"0":{"loc":{"start":{"line":7,"column":4},"end":{"line":12,"column":5}},"type":"if","locations":[{"start":{"line":7,"column":4},"end":{"line":12,"column":5}},{"start":{"line":7,"column":4},"end":{"line":12,"column":5}}],"line":7},"1":{"loc":{"start":{"line":16,"column":4},"end":{"line":21,"column":5}},"type":"if","locations":[{"start":{"line":16,"column":4},"end":{"line":21,"column":5}},{"start":{"line":16,"column":4},"end":{"line":21,"column":5}}],"line":16},"2":{"loc":{"start":{"line":35,"column":4},"end":{"line":40,"column":5}},"type":"if","locations":[{"start":{"line":35,"column":4},"end":{"line":40,"column":5}},{"start":{"line":35,"column":4},"end":{"line":40,"column":5}}],"line":35},"3":{"loc":{"start":{"line":46,"column":4},"end":{"line":51,"column":5}},"type":"if","locations":[{"start":{"line":46,"column":4},"end":{"line":51,"column":5}},{"start":{"line":46,"column":4},"end":{"line":51,"column":5}}],"line":46}},"s":{"0":15,"1":3,"2":0,"3":0,"4":0,"5":0,"6":3,"7":3,"8":0,"9":0,"10":0,"11":0,"12":3,"13":2,"14":0,"15":0,"16":0,"17":0,"18":0,"19":0,"20":0,"21":0,"22":0,"23":0,"24":0,"25":0,"26":0,"27":3},"f":{"0":15,"1":3,"2":2,"3":0,"4":0,"5":0},"b":{"0":[0,3],"1":[0,3],"2":[0,0],"3":[0,0]},"_coverageSchema":"1a1c01bbd47fc00a2c39e90264f33305004495a9","hash":"4b0e2d2ec649f44f945c0342c8b7426fb0a0b2b1"}
,"/home/rafaelguzman/Desktop/Personal-projects/backend-section/src/services/comment.service.js": {"path":"/home/rafaelguzman/Desktop/Personal-projects/backend-section/src/services/comment.service.js","statementMap":{"0":{"start":{"line":1,"column":20},"end":{"line":1,"column":45}},"1":{"start":{"line":2,"column":25},"end":{"line":2,"column":29}},"2":{"start":{"line":6,"column":4},"end":{"line":6,"column":29}},"3":{"start":{"line":7,"column":4},"end":{"line":7,"column":43}},"4":{"start":{"line":11,"column":4},"end":{"line":16,"column":5}},"5":{"start":{"line":12,"column":20},"end":{"line":12,"column":31}},"6":{"start":{"line":13,"column":6},"end":{"line":13,"column":25}},"7":{"start":{"line":14,"column":6},"end":{"line":14,"column":44}},"8":{"start":{"line":15,"column":6},"end":{"line":15,"column":18}},"9":{"start":{"line":18,"column":21},"end":{"line":18,"column":69}},"10":{"start":{"line":19,"column":4},"end":{"line":24,"column":5}},"11":{"start":{"line":20,"column":20},"end":{"line":20,"column":31}},"12":{"start":{"line":21,"column":6},"end":{"line":21,"column":25}},"13":{"start":{"line":22,"column":6},"end":{"line":22,"column":44}},"14":{"start":{"line":23,"column":6},"end":{"line":23,"column":18}},"15":{"start":{"line":26,"column":4},"end":{"line":26,"column":20}},"16":{"start":{"line":30,"column":4},"end":{"line":35,"column":5}},"17":{"start":{"line":31,"column":20},"end":{"line":31,"column":31}},"18":{"start":{"line":32,"column":6},"end":{"line":32,"column":25}},"19":{"start":{"line":33,"column":6},"end":{"line":33,"column":44}},"20":{"start":{"line":34,"column":6},"end":{"line":34,"column":18}},"21":{"start":{"line":37,"column":4},"end":{"line":37,"column":28}},"22":{"start":{"line":39,"column":4},"end":{"line":39,"column":60}},"23":{"start":{"line":43,"column":0},"end":{"line":43,"column":32}}},"fnMap":{"0":{"name":"(anonymous_0)","decl":{"start":{"line":5,"column":2},"end":{"line":5,"column":3}},"loc":{"start":{"line":5,"column":37},"end":{"line":8,"column":3}},"line":5},"1":{"name":"(anonymous_1)","decl":{"start":{"line":10,"column":2},"end":{"line":10,"column":3}},"loc":{"start":{"line":10,"column":32},"end":{"line":27,"column":3}},"line":10},"2":{"name":"(anonymous_2)","decl":{"start":{"line":29,"column":2},"end":{"line":29,"column":3}},"loc":{"start":{"line":29,"column":40},"end":{"line":40,"column":3}},"line":29}},"branchMap":{"0":{"loc":{"start":{"line":11,"column":4},"end":{"line":16,"column":5}},"type":"if","locations":[{"start":{"line":11,"column":4},"end":{"line":16,"column":5}},{"start":{"line":11,"column":4},"end":{"line":16,"column":5}}],"line":11},"1":{"loc":{"start":{"line":19,"column":4},"end":{"line":24,"column":5}},"type":"if","locations":[{"start":{"line":19,"column":4},"end":{"line":24,"column":5}},{"start":{"line":19,"column":4},"end":{"line":24,"column":5}}],"line":19},"2":{"loc":{"start":{"line":30,"column":4},"end":{"line":35,"column":5}},"type":"if","locations":[{"start":{"line":30,"column":4},"end":{"line":35,"column":5}},{"start":{"line":30,"column":4},"end":{"line":35,"column":5}}],"line":30}},"s":{"0":3,"1":3,"2":5,"3":5,"4":1,"5":0,"6":0,"7":0,"8":0,"9":1,"10":1,"11":0,"12":0,"13":0,"14":0,"15":1,"16":1,"17":1,"18":1,"19":1,"20":1,"21":0,"22":0,"23":3},"f":{"0":5,"1":1,"2":1},"b":{"0":[0,1],"1":[0,1],"2":[1,0]},"_coverageSchema":"1a1c01bbd47fc00a2c39e90264f33305004495a9","hash":"2223a0213476bd35cb99f059e5278979694a98ee"}
,"/home/rafaelguzman/Desktop/Personal-projects/backend-section/src/services/idea.service.js": {"path":"/home/rafaelguzman/Desktop/Personal-projects/backend-section/src/services/idea.service.js","statementMap":{"0":{"start":{"line":1,"column":20},"end":{"line":1,"column":45}},"1":{"start":{"line":2,"column":22},"end":{"line":2,"column":26}},"2":{"start":{"line":6,"column":4},"end":{"line":6,"column":26}},"3":{"start":{"line":7,"column":4},"end":{"line":7,"column":37}},"4":{"start":{"line":11,"column":4},"end":{"line":16,"column":5}},"5":{"start":{"line":12,"column":20},"end":{"line":12,"column":31}},"6":{"start":{"line":13,"column":6},"end":{"line":13,"column":25}},"7":{"start":{"line":14,"column":6},"end":{"line":14,"column":44}},"8":{"start":{"line":15,"column":6},"end":{"line":15,"column":18}},"9":{"start":{"line":18,"column":4},"end":{"line":18,"column":54}},"10":{"start":{"line":22,"column":0},"end":{"line":22,"column":29}}},"fnMap":{"0":{"name":"(anonymous_0)","decl":{"start":{"line":5,"column":2},"end":{"line":5,"column":3}},"loc":{"start":{"line":5,"column":34},"end":{"line":8,"column":3}},"line":5},"1":{"name":"(anonymous_1)","decl":{"start":{"line":10,"column":2},"end":{"line":10,"column":3}},"loc":{"start":{"line":10,"column":29},"end":{"line":19,"column":3}},"line":10}},"branchMap":{"0":{"loc":{"start":{"line":11,"column":4},"end":{"line":16,"column":5}},"type":"if","locations":[{"start":{"line":11,"column":4},"end":{"line":16,"column":5}},{"start":{"line":11,"column":4},"end":{"line":16,"column":5}}],"line":11}},"s":{"0":3,"1":3,"2":5,"3":5,"4":1,"5":0,"6":0,"7":0,"8":0,"9":1,"10":3},"f":{"0":5,"1":1},"b":{"0":[0,1]},"_coverageSchema":"1a1c01bbd47fc00a2c39e90264f33305004495a9","hash":"32b646c0dccdd316ae4c45d1dbfff715a30e6f11"}
,"/home/rafaelguzman/Desktop/Personal-projects/backend-section/src/services/index.js": {"path":"/home/rafaelguzman/Desktop/Personal-projects/backend-section/src/services/index.js","statementMap":{"0":{"start":{"line":1,"column":0},"end":{"line":6,"column":2}}},"fnMap":{},"branchMap":{},"s":{"0":3},"f":{},"b":{},"_coverageSchema":"1a1c01bbd47fc00a2c39e90264f33305004495a9","hash":"9dbf098f9de118c1d959dd4ca60f11bdd08d9f1d"}
,"/home/rafaelguzman/Desktop/Personal-projects/backend-section/src/services/user.service.js": {"path":"/home/rafaelguzman/Desktop/Personal-projects/backend-section/src/services/user.service.js","statementMap":{"0":{"start":{"line":1,"column":20},"end":{"line":1,"column":45}},"1":{"start":{"line":2,"column":22},"end":{"line":2,"column":26}},"2":{"start":{"line":6,"column":4},"end":{"line":6,"column":26}},"3":{"start":{"line":7,"column":4},"end":{"line":7,"column":37}},"4":{"start":{"line":11,"column":4},"end":{"line":11,"column":61}},"5":{"start":{"line":15,"column":0},"end":{"line":15,"column":29}}},"fnMap":{"0":{"name":"(anonymous_0)","decl":{"start":{"line":5,"column":2},"end":{"line":5,"column":3}},"loc":{"start":{"line":5,"column":34},"end":{"line":8,"column":3}},"line":5},"1":{"name":"(anonymous_1)","decl":{"start":{"line":10,"column":2},"end":{"line":10,"column":3}},"loc":{"start":{"line":10,"column":36},"end":{"line":12,"column":3}},"line":10}},"branchMap":{},"s":{"0":3,"1":3,"2":5,"3":5,"4":1,"5":3},"f":{"0":5,"1":1},"b":{},"_coverageSchema":"1a1c01bbd47fc00a2c39e90264f33305004495a9","hash":"c31a9ac23729c85085d5969316fed0c24b1fc933"}
,"/home/rafaelguzman/Desktop/Personal-projects/backend-section/tests/mocks/index.js": {"path":"/home/rafaelguzman/Desktop/Personal-projects/backend-section/tests/mocks/index.js","statementMap":{"0":{"start":{"line":1,"column":0},"end":{"line":8,"column":2}}},"fnMap":{},"branchMap":{},"s":{"0":6},"f":{},"b":{},"_coverageSchema":"1a1c01bbd47fc00a2c39e90264f33305004495a9","hash":"194e2d528620d007503b6740357cbb9e438b9599"}
,"/home/rafaelguzman/Desktop/Personal-projects/backend-section/tests/mocks/comment/comment.model.mock.js": {"path":"/home/rafaelguzman/Desktop/Personal-projects/backend-section/tests/mocks/comment/comment.model.mock.js","statementMap":{"0":{"start":{"line":1,"column":0},"end":{"line":22,"column":2}}},"fnMap":{},"branchMap":{},"s":{"0":6},"f":{},"b":{},"_coverageSchema":"1a1c01bbd47fc00a2c39e90264f33305004495a9","hash":"4c9ae53103e56ae8b35bd651c6fbc82a5855cfab"}
,"/home/rafaelguzman/Desktop/Personal-projects/backend-section/tests/mocks/comment/comment.repository.mock.js": {"path":"/home/rafaelguzman/Desktop/Personal-projects/backend-section/tests/mocks/comment/comment.repository.mock.js","statementMap":{"0":{"start":{"line":1,"column":0},"end":{"line":7,"column":2}}},"fnMap":{},"branchMap":{},"s":{"0":6},"f":{},"b":{},"_coverageSchema":"1a1c01bbd47fc00a2c39e90264f33305004495a9","hash":"3de4cac071a2cf5db3aceb131aacaa67738beabc"}
,"/home/rafaelguzman/Desktop/Personal-projects/backend-section/tests/mocks/idea/idea.model.mock.js": {"path":"/home/rafaelguzman/Desktop/Personal-projects/backend-section/tests/mocks/idea/idea.model.mock.js","statementMap":{"0":{"start":{"line":1,"column":0},"end":{"line":31,"column":2}}},"fnMap":{},"branchMap":{},"s":{"0":6},"f":{},"b":{},"_coverageSchema":"1a1c01bbd47fc00a2c39e90264f33305004495a9","hash":"c1d923181b45a702baef0e02ccb511994054b71d"}
,"/home/rafaelguzman/Desktop/Personal-projects/backend-section/tests/mocks/idea/idea.repository.mock.js": {"path":"/home/rafaelguzman/Desktop/Personal-projects/backend-section/tests/mocks/idea/idea.repository.mock.js","statementMap":{"0":{"start":{"line":1,"column":0},"end":{"line":8,"column":2}}},"fnMap":{},"branchMap":{},"s":{"0":6},"f":{},"b":{},"_coverageSchema":"1a1c01bbd47fc00a2c39e90264f33305004495a9","hash":"d596fd744b4830a935a9313476a35e291bf34d91"}
,"/home/rafaelguzman/Desktop/Personal-projects/backend-section/tests/mocks/user/user.model.mock.js": {"path":"/home/rafaelguzman/Desktop/Personal-projects/backend-section/tests/mocks/user/user.model.mock.js","statementMap":{"0":{"start":{"line":1,"column":0},"end":{"line":22,"column":2}}},"fnMap":{},"branchMap":{},"s":{"0":6},"f":{},"b":{},"_coverageSchema":"1a1c01bbd47fc00a2c39e90264f33305004495a9","hash":"65dfc8da3a9e25f925fee1f034bf8e866a0fcdaa"}
,"/home/rafaelguzman/Desktop/Personal-projects/backend-section/tests/mocks/user/user.repository.mock.js": {"path":"/home/rafaelguzman/Desktop/Personal-projects/backend-section/tests/mocks/user/user.repository.mock.js","statementMap":{"0":{"start":{"line":1,"column":0},"end":{"line":10,"column":2}}},"fnMap":{},"branchMap":{},"s":{"0":6},"f":{},"b":{},"_coverageSchema":"1a1c01bbd47fc00a2c39e90264f33305004495a9","hash":"774ef7f9d7c5449681b3f8f3af858a548c6ff96c"}
}
