TN:
SF:src/config/index.js
FNF:0
FNH:0
DA:1,3
DA:2,3
DA:5,3
LF:3
LH:3
BRDA:1,0,0,3
BRDA:1,0,1,0
BRF:2
BRH:1
end_of_record
TN:
SF:src/helpers/jwt.helper.js
FN:4,(anonymous_0)
FNF:1
FNH:0
FNDA:0,(anonymous_0)
DA:1,3
DA:2,3
DA:4,3
DA:5,0
LF:4
LH:3
BRF:0
BRH:0
end_of_record
TN:
SF:src/models/comment.model.js
FNF:0
FNH:0
DA:1,3
DA:2,3
DA:4,3
DA:20,3
DA:22,3
LF:5
LH:5
BRF:0
BRH:0
end_of_record
TN:
SF:src/models/idea.model.js
FNF:0
FNH:0
DA:1,3
DA:2,3
DA:4,3
DA:20,3
DA:22,3
LF:5
LH:5
BRF:0
BRH:0
end_of_record
TN:
SF:src/models/index.js
FNF:0
FNH:0
DA:1,3
LF:1
LH:1
BRF:0
BRH:0
end_of_record
TN:
SF:src/models/user.model.js
FN:11,(anonymous_0)
FN:17,(anonymous_1)
FN:21,(anonymous_2)
FNF:3
FNH:1
FNDA:5,(anonymous_0)
FNDA:0,(anonymous_1)
FNDA:0,(anonymous_2)
DA:1,3
DA:2,3
DA:3,3
DA:5,3
DA:11,3
DA:12,5
DA:13,5
DA:14,5
DA:17,3
DA:18,0
DA:21,3
DA:22,0
DA:24,0
DA:25,0
DA:28,0
DA:29,0
DA:30,0
DA:31,0
DA:34,3
LF:19
LH:11
BRDA:24,0,0,0
BRDA:24,0,1,0
BRF:2
BRH:0
end_of_record
TN:
SF:src/repositories/base.repository.js
FN:2,(anonymous_0)
FN:6,(anonymous_1)
FN:10,(anonymous_2)
FN:15,(anonymous_3)
FN:19,(anonymous_4)
FN:23,(anonymous_5)
FNF:6
FNH:5
FNDA:14,(anonymous_0)
FNDA:3,(anonymous_1)
FNDA:2,(anonymous_2)
FNDA:0,(anonymous_3)
FNDA:2,(anonymous_4)
FNDA:3,(anonymous_5)
DA:3,14
DA:7,3
DA:11,2
DA:12,2
DA:16,0
DA:20,2
DA:24,3
DA:25,3
DA:29,3
LF:9
LH:8
BRDA:10,0,0,2
BRDA:10,1,0,2
BRF:2
BRH:2
end_of_record
TN:
SF:src/repositories/comment.repository.js
FN:5,(anonymous_0)
FN:10,(anonymous_1)
FN:14,(anonymous_2)
FNF:3
FNH:2
FNDA:4,(anonymous_0)
FNDA:1,(anonymous_1)
FNDA:0,(anonymous_2)
DA:1,3
DA:2,3
DA:6,4
DA:7,4
DA:11,1
DA:15,0
DA:19,3
LF:7
LH:6
BRF:0
BRH:0
end_of_record
TN:
SF:src/repositories/idea.repository.js
FN:5,(anonymous_0)
FN:10,(anonymous_1)
FNF:2
FNH:2
FNDA:5,(anonymous_0)
FNDA:1,(anonymous_1)
DA:1,3
DA:2,3
DA:6,5
DA:7,5
DA:11,1
DA:15,3
LF:6
LH:6
BRF:0
BRH:0
end_of_record
TN:
SF:src/repositories/index.js
FNF:0
FNH:0
DA:1,3
LF:1
LH:1
BRF:0
BRH:0
end_of_record
TN:
SF:src/repositories/user.repository.js
FN:5,(anonymous_0)
FN:10,(anonymous_1)
FN:14,(anonymous_2)
FNF:3
FNH:3
FNDA:5,(anonymous_0)
FNDA:1,(anonymous_1)
FNDA:1,(anonymous_2)
DA:1,3
DA:2,3
DA:6,5
DA:7,5
DA:11,1
DA:15,1
DA:16,1
DA:20,3
LF:8
LH:8
BRF:0
BRH:0
end_of_record
TN:
SF:src/services/auth.service.js
FN:5,(anonymous_0)
FN:9,(anonymous_1)
FN:21,(anonymous_2)
FNF:3
FNH:0
FNDA:0,(anonymous_0)
FNDA:0,(anonymous_1)
FNDA:0,(anonymous_2)
DA:1,3
DA:2,3
DA:6,0
DA:10,0
DA:11,0
DA:12,0
DA:13,0
DA:14,0
DA:15,0
DA:16,0
DA:18,0
DA:22,0
DA:23,0
DA:24,0
DA:25,0
DA:26,0
DA:27,0
DA:28,0
DA:31,0
DA:32,0
DA:33,0
DA:34,0
DA:35,0
DA:36,0
DA:39,0
DA:44,0
DA:45,0
DA:49,3
LF:28
LH:3
BRDA:12,0,0,0
BRDA:12,0,1,0
BRDA:24,1,0,0
BRDA:24,1,1,0
BRDA:32,2,0,0
BRDA:32,2,1,0
BRF:6
BRH:0
end_of_record
TN:
SF:src/services/base.service.js
FN:2,(anonymous_0)
FN:6,(anonymous_1)
FN:26,(anonymous_2)
FN:30,(anonymous_3)
FN:34,(anonymous_4)
FN:45,(anonymous_5)
FNF:6
FNH:3
FNDA:15,(anonymous_0)
FNDA:3,(anonymous_1)
FNDA:2,(anonymous_2)
FNDA:0,(anonymous_3)
FNDA:0,(anonymous_4)
FNDA:0,(anonymous_5)
DA:3,15
DA:7,3
DA:8,0
DA:9,0
DA:10,0
DA:11,0
DA:14,3
DA:16,3
DA:17,0
DA:18,0
DA:19,0
DA:20,0
DA:23,3
DA:27,2
DA:31,0
DA:35,0
DA:36,0
DA:37,0
DA:38,0
DA:39,0
DA:42,0
DA:46,0
DA:47,0
DA:48,0
DA:49,0
DA:50,0
DA:53,0
DA:57,3
LF:28
LH:7
BRDA:7,0,0,0
BRDA:7,0,1,3
BRDA:16,1,0,0
BRDA:16,1,1,3
BRDA:35,2,0,0
BRDA:35,2,1,0
BRDA:46,3,0,0
BRDA:46,3,1,0
BRF:8
BRH:2
end_of_record
TN:
SF:src/services/comment.service.js
FN:5,(anonymous_0)
FN:10,(anonymous_1)
FN:29,(anonymous_2)
FNF:3
FNH:3
FNDA:5,(anonymous_0)
FNDA:1,(anonymous_1)
FNDA:1,(anonymous_2)
DA:1,3
DA:2,3
DA:6,5
DA:7,5
DA:11,1
DA:12,0
DA:13,0
DA:14,0
DA:15,0
DA:18,1
DA:19,1
DA:20,0
DA:21,0
DA:22,0
DA:23,0
DA:26,1
DA:30,1
DA:31,1
DA:32,1
DA:33,1
DA:34,1
DA:37,0
DA:39,0
DA:43,3
LF:24
LH:14
BRDA:11,0,0,0
BRDA:11,0,1,1
BRDA:19,1,0,0
BRDA:19,1,1,1
BRDA:30,2,0,1
BRDA:30,2,1,0
BRF:6
BRH:3
end_of_record
TN:
SF:src/services/idea.service.js
FN:5,(anonymous_0)
FN:10,(anonymous_1)
FNF:2
FNH:2
FNDA:5,(anonymous_0)
FNDA:1,(anonymous_1)
DA:1,3
DA:2,3
DA:6,5
DA:7,5
DA:11,1
DA:12,0
DA:13,0
DA:14,0
DA:15,0
DA:18,1
DA:22,3
LF:11
LH:7
BRDA:11,0,0,0
BRDA:11,0,1,1
BRF:2
BRH:1
end_of_record
TN:
SF:src/services/index.js
FNF:0
FNH:0
DA:1,3
LF:1
LH:1
BRF:0
BRH:0
end_of_record
TN:
SF:src/services/user.service.js
FN:5,(anonymous_0)
FN:10,(anonymous_1)
FNF:2
FNH:2
FNDA:5,(anonymous_0)
FNDA:1,(anonymous_1)
DA:1,3
DA:2,3
DA:6,5
DA:7,5
DA:11,1
DA:15,3
LF:6
LH:6
BRF:0
BRH:0
end_of_record
TN:
SF:tests/mocks/index.js
FNF:0
FNH:0
DA:1,6
LF:1
LH:1
BRF:0
BRH:0
end_of_record
TN:
SF:tests/mocks/comment/comment.model.mock.js
FNF:0
FNH:0
DA:1,6
LF:1
LH:1
BRF:0
BRH:0
end_of_record
TN:
SF:tests/mocks/comment/comment.repository.mock.js
FNF:0
FNH:0
DA:1,6
LF:1
LH:1
BRF:0
BRH:0
end_of_record
TN:
SF:tests/mocks/idea/idea.model.mock.js
FNF:0
FNH:0
DA:1,6
LF:1
LH:1
BRF:0
BRH:0
end_of_record
TN:
SF:tests/mocks/idea/idea.repository.mock.js
FNF:0
FNH:0
DA:1,6
LF:1
LH:1
BRF:0
BRH:0
end_of_record
TN:
SF:tests/mocks/user/user.model.mock.js
FNF:0
FNH:0
DA:1,6
LF:1
LH:1
BRF:0
BRH:0
end_of_record
TN:
SF:tests/mocks/user/user.repository.mock.js
FNF:0
FNH:0
DA:1,6
LF:1
LH:1
BRF:0
BRH:0
end_of_record
